build/app/intermediates/manifest_merge_blame_file/release/manifest-merger-blame-release-report.txt
1<?xml version="1.0" encoding="utf-8"?>
2<manifest xmlns:android="http://schemas.android.com/apk/res/android"
3    package="com.example.flutterfirebasepush"
4    android:versionCode="4001"
5    android:versionName="1.0.0" >
6
7    <uses-sdk
8        android:minSdkVersion="16"
8-->src\main\AndroidManifest.xml
9        android:targetSdkVersion="30" />
9-->src\main\AndroidManifest.xml
10
11    <uses-permission android:name="android.permission.ACCESS_NETWORK_STATE" />
11-->[com.google.firebase:firebase-iid:20.3.0] AndroidManifest.xml:22:5-79
11-->[com.google.firebase:firebase-iid:20.3.0] AndroidManifest.xml:22:22-76
12    <uses-permission android:name="android.permission.INTERNET" />
12-->[com.google.firebase:firebase-iid:20.3.0] AndroidManifest.xml:23:5-67
12-->[com.google.firebase:firebase-iid:20.3.0] AndroidManifest.xml:23:22-64
13    <uses-permission android:name="android.permission.WAKE_LOCK" /> <!-- Required by older versions of Google Play services to create IID tokens -->
13-->[com.google.firebase:firebase-iid:20.3.0] AndroidManifest.xml:24:5-68
13-->[com.google.firebase:firebase-iid:20.3.0] AndroidManifest.xml:24:22-65
14    <uses-permission android:name="com.google.android.c2dm.permission.RECEIVE" />
14-->[com.google.firebase:firebase-iid:20.3.0] AndroidManifest.xml:26:5-82
14-->[com.google.firebase:firebase-iid:20.3.0] AndroidManifest.xml:26:22-79
15    <uses-permission android:name="com.google.android.finsky.permission.BIND_GET_INSTALL_REFERRER_SERVICE" />
15-->[com.google.android.gms:play-services-measurement:17.6.0] AndroidManifest.xml:26:5-110
15-->[com.google.android.gms:play-services-measurement:17.6.0] AndroidManifest.xml:26:22-107
16
17    <application
17-->src\main\AndroidManifest.xml:3:4-41:19
18        android:appComponentFactory="androidx.core.app.CoreComponentFactory"
18-->[androidx.core:core:1.1.0] AndroidManifest.xml:24:18-86
19        android:icon="@mipmap/ic_launcher"
19-->src\main\AndroidManifest.xml:5:9-43
20        android:label="flutterfirebasepush" >
20-->src\main\AndroidManifest.xml:4:9-44
21        <activity
21-->src\main\AndroidManifest.xml:6:9-35:20
22            android:name="com.example.flutterfirebasepush.MainActivity"
22-->src\main\AndroidManifest.xml:7:13-41
23            android:configChanges="orientation|keyboardHidden|keyboard|screenSize|smallestScreenSize|locale|layoutDirection|fontScale|screenLayout|density|uiMode"
23-->src\main\AndroidManifest.xml:10:13-163
24            android:hardwareAccelerated="true"
24-->src\main\AndroidManifest.xml:11:13-47
25            android:launchMode="singleTop"
25-->src\main\AndroidManifest.xml:8:13-43
26            android:theme="@style/LaunchTheme"
26-->src\main\AndroidManifest.xml:9:13-47
27            android:windowSoftInputMode="adjustResize" >
27-->src\main\AndroidManifest.xml:12:13-55
28
29            <!--
30                 Specifies an Android theme to apply to this Activity as soon as
31                 the Android process has started. This theme is visible to the user
32                 while the Flutter UI initializes. After that, this theme continues
33                 to determine the Window background behind the Flutter UI.
34            -->
35            <meta-data
35-->src\main\AndroidManifest.xml:17:13-20:17
36                android:name="io.flutter.embedding.android.NormalTheme"
36-->src\main\AndroidManifest.xml:18:15-70
37                android:resource="@style/NormalTheme" />
37-->src\main\AndroidManifest.xml:19:15-52
38            <!--
39                 Displays an Android View that continues showing the launch screen
40                 Drawable until Flutter paints its first frame, then this splash
41                 screen fades out. A splash screen is useful to avoid any visual
42                 gap between the end of Android's launch screen and the painting of
43                 Flutter's first frame.
44            -->
45            <meta-data
45-->src\main\AndroidManifest.xml:26:13-29:17
46                android:name="io.flutter.embedding.android.SplashScreenDrawable"
46-->src\main\AndroidManifest.xml:27:15-79
47                android:resource="@drawable/launch_background" />
47-->src\main\AndroidManifest.xml:28:15-61
48
49            <intent-filter>
49-->src\main\AndroidManifest.xml:30:13-34:29
50                <action android:name="android.intent.action.MAIN" />
50-->src\main\AndroidManifest.xml:31:17-68
50-->src\main\AndroidManifest.xml:31:25-66
51                <action android:name="FLUTTER_NOTIFICATION_CLICK" />
51-->src\main\AndroidManifest.xml:32:18-70
51-->src\main\AndroidManifest.xml:32:26-67
52
53                <category android:name="android.intent.category.LAUNCHER" />
53-->src\main\AndroidManifest.xml:33:17-76
53-->src\main\AndroidManifest.xml:33:27-74
54            </intent-filter>
55        </activity>
56        <!--
57             Don't delete the meta-data below.
58             This is used by the Flutter tool to generate GeneratedPluginRegistrant.java
59        -->
60        <meta-data
60-->src\main\AndroidManifest.xml:38:9-40:33
61            android:name="flutterEmbedding"
61-->src\main\AndroidManifest.xml:39:13-44
62            android:value="2" />
62-->src\main\AndroidManifest.xml:40:13-30
63
64        <service android:name="io.flutter.plugins.firebasemessaging.FlutterFirebaseMessagingService" >
64-->[:firebase_messaging] AndroidManifest.xml:8:9-12:19
64-->[:firebase_messaging] AndroidManifest.xml:8:18-101
65            <intent-filter>
65-->[:firebase_messaging] AndroidManifest.xml:9:13-11:29
66                <action android:name="com.google.firebase.MESSAGING_EVENT" />
66-->[:firebase_messaging] AndroidManifest.xml:10:17-78
66-->[:firebase_messaging] AndroidManifest.xml:10:25-75
67            </intent-filter>
68        </service>
69        <service
69-->[:firebase_messaging] AndroidManifest.xml:13:9-17:19
70            android:name="com.google.firebase.components.ComponentDiscoveryService"
70-->[:firebase_messaging] AndroidManifest.xml:13:18-89
71            android:directBootAware="true"
71-->[com.google.firebase:firebase-common:19.3.0] AndroidManifest.xml:34:13-43
72            android:exported="false" >
72-->[com.google.firebase:firebase-messaging:20.3.0] AndroidManifest.xml:38:13-37
73            <meta-data
73-->[:firebase_messaging] AndroidManifest.xml:14:13-16:85
74                android:name="com.google.firebase.components:io.flutter.plugins.firebasemessaging.FlutterFirebaseAppRegistrar"
74-->[:firebase_messaging] AndroidManifest.xml:15:17-127
75                android:value="com.google.firebase.components.ComponentRegistrar" />
75-->[:firebase_messaging] AndroidManifest.xml:16:17-82
76            <meta-data
76-->[:firebase_core] AndroidManifest.xml:9:13-11:85
77                android:name="com.google.firebase.components:io.flutter.plugins.firebase.core.FlutterFirebaseCoreRegistrar"
77-->[:firebase_core] AndroidManifest.xml:10:17-124
78                android:value="com.google.firebase.components.ComponentRegistrar" />
78-->[:firebase_core] AndroidManifest.xml:11:17-82
79            <meta-data
79-->[com.google.firebase:firebase-messaging:20.3.0] AndroidManifest.xml:39:13-41:85
80                android:name="com.google.firebase.components:com.google.firebase.messaging.FirebaseMessagingRegistrar"
80-->[com.google.firebase:firebase-messaging:20.3.0] AndroidManifest.xml:40:17-119
81                android:value="com.google.firebase.components.ComponentRegistrar" />
81-->[com.google.firebase:firebase-messaging:20.3.0] AndroidManifest.xml:41:17-82
82            <meta-data
82-->[com.google.firebase:firebase-iid:20.3.0] AndroidManifest.xml:32:13-34:85
83                android:name="com.google.firebase.components:com.google.firebase.iid.Registrar"
83-->[com.google.firebase:firebase-iid:20.3.0] AndroidManifest.xml:33:17-96
84                android:value="com.google.firebase.components.ComponentRegistrar" />
84-->[com.google.firebase:firebase-iid:20.3.0] AndroidManifest.xml:34:17-82
85            <meta-data
85-->[com.google.android.gms:play-services-measurement-api:17.6.0] AndroidManifest.xml:30:13-32:85
86                android:name="com.google.firebase.components:com.google.firebase.analytics.connector.internal.AnalyticsConnectorRegistrar"
86-->[com.google.android.gms:play-services-measurement-api:17.6.0] AndroidManifest.xml:31:17-139
87                android:value="com.google.firebase.components.ComponentRegistrar" />
87-->[com.google.android.gms:play-services-measurement-api:17.6.0] AndroidManifest.xml:32:17-82
88            <meta-data
88-->[com.google.firebase:firebase-datatransport:17.0.3] AndroidManifest.xml:28:13-30:85
89                android:name="com.google.firebase.components:com.google.firebase.datatransport.TransportRegistrar"
89-->[com.google.firebase:firebase-datatransport:17.0.3] AndroidManifest.xml:29:17-115
90                android:value="com.google.firebase.components.ComponentRegistrar" />
90-->[com.google.firebase:firebase-datatransport:17.0.3] AndroidManifest.xml:30:17-82
91            <meta-data
91-->[com.google.firebase:firebase-installations:16.3.3] AndroidManifest.xml:17:13-19:85
92                android:name="com.google.firebase.components:com.google.firebase.installations.FirebaseInstallationsRegistrar"
92-->[com.google.firebase:firebase-installations:16.3.3] AndroidManifest.xml:18:17-127
93                android:value="com.google.firebase.components.ComponentRegistrar" />
93-->[com.google.firebase:firebase-installations:16.3.3] AndroidManifest.xml:19:17-82
94        </service>
95        <!--
96             FirebaseMessagingService performs security checks at runtime,
97             but set to not exported to explicitly avoid allowing another app to call it.
98        -->
99        <service
99-->[com.google.firebase:firebase-messaging:20.3.0] AndroidManifest.xml:28:9-35:19
100            android:name="com.google.firebase.messaging.FirebaseMessagingService"
100-->[com.google.firebase:firebase-messaging:20.3.0] AndroidManifest.xml:29:13-82
101            android:directBootAware="true"
101-->[com.google.firebase:firebase-messaging:20.3.0] AndroidManifest.xml:30:13-43
102            android:exported="false" >
102-->[com.google.firebase:firebase-messaging:20.3.0] AndroidManifest.xml:31:13-37
103            <intent-filter android:priority="-500" >
103-->[:firebase_messaging] AndroidManifest.xml:9:13-11:29
104                <action android:name="com.google.firebase.MESSAGING_EVENT" />
104-->[:firebase_messaging] AndroidManifest.xml:10:17-78
104-->[:firebase_messaging] AndroidManifest.xml:10:25-75
105            </intent-filter>
106        </service>
107
108        <receiver
108-->[com.google.firebase:firebase-iid:20.3.0] AndroidManifest.xml:37:9-44:20
109            android:name="com.google.firebase.iid.FirebaseInstanceIdReceiver"
109-->[com.google.firebase:firebase-iid:20.3.0] AndroidManifest.xml:38:13-78
110            android:exported="true"
110-->[com.google.firebase:firebase-iid:20.3.0] AndroidManifest.xml:39:13-36
111            android:permission="com.google.android.c2dm.permission.SEND" >
111-->[com.google.firebase:firebase-iid:20.3.0] AndroidManifest.xml:40:13-73
112            <intent-filter>
112-->[com.google.firebase:firebase-iid:20.3.0] AndroidManifest.xml:41:13-43:29
113                <action android:name="com.google.android.c2dm.intent.RECEIVE" />
113-->[com.google.firebase:firebase-iid:20.3.0] AndroidManifest.xml:42:17-81
113-->[com.google.firebase:firebase-iid:20.3.0] AndroidManifest.xml:42:25-78
114            </intent-filter>
115        </receiver>
116        <receiver
116-->[com.google.android.gms:play-services-measurement:17.6.0] AndroidManifest.xml:29:9-33:20
117            android:name="com.google.android.gms.measurement.AppMeasurementReceiver"
117-->[com.google.android.gms:play-services-measurement:17.6.0] AndroidManifest.xml:30:13-85
118            android:enabled="true"
118-->[com.google.android.gms:play-services-measurement:17.6.0] AndroidManifest.xml:31:13-35
119            android:exported="false" >
119-->[com.google.android.gms:play-services-measurement:17.6.0] AndroidManifest.xml:32:13-37
120        </receiver>
121
122        <service
122-->[com.google.android.gms:play-services-measurement:17.6.0] AndroidManifest.xml:35:9-38:40
123            android:name="com.google.android.gms.measurement.AppMeasurementService"
123-->[com.google.android.gms:play-services-measurement:17.6.0] AndroidManifest.xml:36:13-84
124            android:enabled="true"
124-->[com.google.android.gms:play-services-measurement:17.6.0] AndroidManifest.xml:37:13-35
125            android:exported="false" />
125-->[com.google.android.gms:play-services-measurement:17.6.0] AndroidManifest.xml:38:13-37
126        <service
126-->[com.google.android.gms:play-services-measurement:17.6.0] AndroidManifest.xml:39:9-43:72
127            android:name="com.google.android.gms.measurement.AppMeasurementJobService"
127-->[com.google.android.gms:play-services-measurement:17.6.0] AndroidManifest.xml:40:13-87
128            android:enabled="true"
128-->[com.google.android.gms:play-services-measurement:17.6.0] AndroidManifest.xml:41:13-35
129            android:exported="false"
129-->[com.google.android.gms:play-services-measurement:17.6.0] AndroidManifest.xml:42:13-37
130            android:permission="android.permission.BIND_JOB_SERVICE" />
130-->[com.google.android.gms:play-services-measurement:17.6.0] AndroidManifest.xml:43:13-69
131
132        <provider
132-->[com.google.firebase:firebase-common:19.3.0] AndroidManifest.xml:26:9-30:39
133            android:name="com.google.firebase.provider.FirebaseInitProvider"
133-->[com.google.firebase:firebase-common:19.3.0] AndroidManifest.xml:27:13-77
134            android:authorities="com.example.flutterfirebasepush.firebaseinitprovider"
134-->[com.google.firebase:firebase-common:19.3.0] AndroidManifest.xml:28:13-72
135            android:exported="false"
135-->[com.google.firebase:firebase-common:19.3.0] AndroidManifest.xml:29:13-37
136            android:initOrder="100" />
136-->[com.google.firebase:firebase-common:19.3.0] AndroidManifest.xml:30:13-36
137
138        <activity
138-->[com.google.android.gms:play-services-base:17.0.0] AndroidManifest.xml:23:9-26:75
139            android:name="com.google.android.gms.common.api.GoogleApiActivity"
139-->[com.google.android.gms:play-services-base:17.0.0] AndroidManifest.xml:24:13-79
140            android:exported="false"
140-->[com.google.android.gms:play-services-base:17.0.0] AndroidManifest.xml:25:13-37
141            android:theme="@android:style/Theme.Translucent.NoTitleBar" />
141-->[com.google.android.gms:play-services-base:17.0.0] AndroidManifest.xml:26:13-72
142
143        <meta-data
143-->[com.google.android.gms:play-services-basement:17.0.0] AndroidManifest.xml:23:9-25:69
144            android:name="com.google.android.gms.version"
144-->[com.google.android.gms:play-services-basement:17.0.0] AndroidManifest.xml:24:13-58
145            android:value="@integer/google_play_services_version" />
145-->[com.google.android.gms:play-services-basement:17.0.0] AndroidManifest.xml:25:13-66
146
147        <service
147-->[com.google.android.datatransport:transport-backend-cct:2.2.0] AndroidManifest.xml:29:9-35:19
148            android:name="com.google.android.datatransport.runtime.backends.TransportBackendDiscovery"
148-->[com.google.android.datatransport:transport-backend-cct:2.2.0] AndroidManifest.xml:30:13-103
149            android:exported="false" >
149-->[com.google.android.datatransport:transport-backend-cct:2.2.0] AndroidManifest.xml:31:13-37
150            <meta-data
150-->[com.google.android.datatransport:transport-backend-cct:2.2.0] AndroidManifest.xml:32:13-34:39
151                android:name="backend:com.google.android.datatransport.cct.CctBackendFactory"
151-->[com.google.android.datatransport:transport-backend-cct:2.2.0] AndroidManifest.xml:33:17-94
152                android:value="cct" />
152-->[com.google.android.datatransport:transport-backend-cct:2.2.0] AndroidManifest.xml:34:17-36
153        </service>
154        <service
154-->[com.google.android.datatransport:transport-runtime:2.2.0] AndroidManifest.xml:26:9-30:19
155            android:name="com.google.android.datatransport.runtime.scheduling.jobscheduling.JobInfoSchedulerService"
155-->[com.google.android.datatransport:transport-runtime:2.2.0] AndroidManifest.xml:27:13-117
156            android:exported="false"
156-->[com.google.android.datatransport:transport-runtime:2.2.0] AndroidManifest.xml:28:13-37
157            android:permission="android.permission.BIND_JOB_SERVICE" >
157-->[com.google.android.datatransport:transport-runtime:2.2.0] AndroidManifest.xml:29:13-69
158        </service>
159
160        <receiver
160-->[com.google.android.datatransport:transport-runtime:2.2.0] AndroidManifest.xml:32:9-34:40
161            android:name="com.google.android.datatransport.runtime.scheduling.jobscheduling.AlarmManagerSchedulerBroadcastReceiver"
161-->[com.google.android.datatransport:transport-runtime:2.2.0] AndroidManifest.xml:33:13-132
162            android:exported="false" />
162-->[com.google.android.datatransport:transport-runtime:2.2.0] AndroidManifest.xml:34:13-37
163    </application>
164
165</manifest>